<?xml version="1.0" encoding="UTF-8"?>
<testsuite xmlns:xsi="http://www.w3.org/2001/XMLSchema-instance" xsi:noNamespaceSchemaLocation="https://maven.apache.org/surefire/maven-surefire-plugin/xsd/surefire-test-report.xsd" version="3.0.2" name="edu.cit.libetario.peerprep.PeerprepApplicationTests" time="7.373" tests="1" errors="0" skipped="0" failures="0">
  <properties>
[...]
</properties>
  <testcase name="contextLoads" classname="edu.cit.libetario.peerprep.PeerprepApplicationTests" time="0.281">
    <system-out><![CDATA[Standard Commons Logging discovery in action with spring-jcl: please remove commons-logging.jar from classpath in order to avoid potential conflicts
12:55:44.576 [main] INFO org.springframework.test.context.support.AnnotationConfigContextLoaderUtils -- Could not detect default configuration classes for test class [edu.cit.libetario.peerprep.PeerprepApplicationTests]: PeerprepApplicationTests does not declare any static, non-private, non-final, nested classes annotated with @Configuration.
12:55:44.681 [main] INFO org.springframework.boot.test.context.SpringBootTestContextBootstrapper -- Found @SpringBootConfiguration edu.cit.libetario.peerprep.PeerprepApplication for test class edu.cit.libetario.peerprep.PeerprepApplicationTests
12:55:44.817 [main] INFO org.springframework.boot.devtools.restart.RestartApplicationListener -- Restart disabled due to context in which it is running

  .   ____          _            __ _ _
 /\\ / ___'_ __ _ _(_)_ __  __ _ \ \ \ \
( ( )\___ | '_ | '_| | '_ \/ _` | \ \ \ \
 \\/  ___)| |_)| | | | | || (_| |  ) ) ) )
  '  |____| .__|_| |_|_| |_\__, | / / / /
 =========|_|==============|___/=/_/_/_/

 :: Spring Boot ::               (v3.5.11)

2026-05-06T12:55:45.054+08:00  INFO 12932 --- [peerprep] [           main] e.c.l.peerprep.PeerprepApplicationTests  : Starting PeerprepApplicationTests using Java 25 with PID 12932 (started by USER in C:\Users\USER\Downloads\IT342-Libetario-PeerPrep\backend\peerprep)
2026-05-06T12:55:45.056+08:00  INFO 12932 --- [peerprep] [           main] e.c.l.peerprep.PeerprepApplicationTests  : No active profile set, falling back to 1 default profile: "default"
2026-05-06T12:55:45.614+08:00  INFO 12932 --- [peerprep] [           main] .s.d.r.c.RepositoryConfigurationDelegate : Bootstrapping Spring Data JPA repositories in DEFAULT mode.
2026-05-06T12:55:45.670+08:00  INFO 12932 --- [peerprep] [           main] .s.d.r.c.RepositoryConfigurationDelegate : Finished Spring Data repository scanning in 49 ms. Found 3 JPA repository interfaces.
2026-05-06T12:55:46.081+08:00  INFO 12932 --- [peerprep] [           main] o.hibernate.jpa.internal.util.LogHelper  : HHH000204: Processing PersistenceUnitInfo [name: default]
2026-05-06T12:55:46.130+08:00  INFO 12932 --- [peerprep] [           main] org.hibernate.Version                    : HHH000412: Hibernate ORM core version 6.6.42.Final
2026-05-06T12:55:46.161+08:00  INFO 12932 --- [peerprep] [           main] o.h.c.internal.RegionFactoryInitiator    : HHH000026: Second-level cache disabled
2026-05-06T12:55:46.439+08:00  INFO 12932 --- [peerprep] [           main] o.s.o.j.p.SpringPersistenceUnitInfo      : No LoadTimeWeaver setup: ignoring JPA class transformer
2026-05-06T12:55:46.462+08:00  INFO 12932 --- [peerprep] [           main] com.zaxxer.hikari.HikariDataSource       : HikariPool-1 - Starting...
2026-05-06T12:55:47.444+08:00  INFO 12932 --- [peerprep] [           main] com.zaxxer.hikari.HikariDataSource       : HikariPool-1 - Start completed.
2026-05-06T12:55:48.099+08:00  WARN 12932 --- [peerprep] [           main] org.hibernate.orm.deprecation            : HHH90000025: PostgreSQLDialect does not need to be specified explicitly using 'hibernate.dialect' (remove the property setting and it will be selected by default)
2026-05-06T12:55:48.326+08:00  INFO 12932 --- [peerprep] [           main] org.hibernate.orm.connections.pooling    : HHH10001005: Database info:
	Database JDBC URL [Connecting through datasource 'HikariDataSource (HikariPool-1)']
	Database driver: undefined/unknown
	Database version: 17.6
	Autocommit mode: undefined/unknown
	Isolation level: undefined/unknown
	Minimum pool size: undefined/unknown
	Maximum pool size: undefined/unknown
2026-05-06T12:55:48.982+08:00  INFO 12932 --- [peerprep] [           main] o.h.e.t.j.p.i.JtaPlatformInitiator       : HHH000489: No JTA platform available (set 'hibernate.transaction.jta.platform' to enable JTA platform integration)
2026-05-06T12:55:50.192+08:00  INFO 12932 --- [peerprep] [           main] j.LocalContainerEntityManagerFactoryBean : Initialized JPA EntityManagerFactory for persistence unit 'default'
2026-05-06T12:55:50.899+08:00  WARN 12932 --- [peerprep] [           main] JpaBaseConfiguration$JpaWebConfiguration : spring.jpa.open-in-view is enabled by default. Therefore, database queries may be performed during view rendering. Explicitly configure spring.jpa.open-in-view to disable this warning
2026-05-06T12:55:51.529+08:00  INFO 12932 --- [peerprep] [           main] e.c.l.peerprep.PeerprepApplicationTests  : Started PeerprepApplicationTests in 6.725 seconds (process running for 7.515)
]]></system-out>
    <system-err><![CDATA[Mockito is currently self-attaching to enable the inline-mock-maker. This will no longer work in future releases of the JDK. Please add Mockito as an agent to your build as described in Mockito's documentation: https://javadoc.io/doc/org.mockito/mockito-core/latest/org.mockito/org/mockito/Mockito.html#0.3
WARNING: A Java agent has been loaded dynamically (C:\Users\USER\.m2\repository\net\bytebuddy\byte-buddy-agent\1.17.8\byte-buddy-agent-1.17.8.jar)
WARNING: If a serviceability tool is in use, please run with -XX:+EnableDynamicAgentLoading to hide this warning
WARNING: If a serviceability tool is not in use, please run with -Djdk.instrument.traceUsage for more information
WARNING: Dynamic loading of agents will be disallowed by default in a future release
]]></system-err>
  </testcase>
</testsuite>